

================================================================
== Vivado HLS Report for 'scaled_fixed2ieee'
================================================================
* Date:           Tue Jul 24 13:54:51 2018

* Version:        2018.1 (Build 2188600 on Wed Apr 04 19:04:02 MDT 2018)
* Project:        kalman_class
* Solution:       solution1
* Product family: kintexuplus
* Target device:  xcku5p-ffvb676-2-e


================================================================
== Performance Estimates
================================================================
+ Timing (ns): 
    * Summary: 
    +--------+-------+----------+------------+
    |  Clock | Target| Estimated| Uncertainty|
    +--------+-------+----------+------------+
    |ap_clk  |  10.00|      5.65|        1.25|
    +--------+-------+----------+------------+

+ Latency (clock cycles): 
    * Summary: 
    +-----+-----+-----+-----+---------+
    |  Latency  |  Interval | Pipeline|
    | min | max | min | max |   Type  |
    +-----+-----+-----+-----+---------+
    |    9|   11|    9|   11|   none  |
    +-----+-----+-----+-----+---------+

    + Detail: 
        * Instance: 
        N/A

        * Loop: 
        +----------+-----+-----+----------+-----------+-----------+-------+----------+
        |          |  Latency  | Iteration|  Initiation Interval  |  Trip |          |
        | Loop Name| min | max |  Latency |  achieved |   target  | Count | Pipelined|
        +----------+-----+-----+----------+-----------+-----------+-------+----------+
        |- Loop 1  |    2|    2|         1|          -|          -|      2|    no    |
        |- Loop 2  |    3|    3|         1|          -|          -|      3|    no    |
        |- Loop 3  |    1|    3|         1|          -|          -| 1 ~ 3 |    no    |
        +----------+-----+-----+----------+-----------+-----------+-------+----------+



================================================================
== Utilization Estimates
================================================================
* Summary: 
+-----------------+---------+-------+--------+--------+-----+
|       Name      | BRAM_18K| DSP48E|   FF   |   LUT  | URAM|
+-----------------+---------+-------+--------+--------+-----+
|DSP              |        -|      -|       -|       -|    -|
|Expression       |        -|      -|      40|    1413|    -|
|FIFO             |        -|      -|       -|       -|    -|
|Instance         |        -|      -|       0|      26|    -|
|Memory           |        -|      -|       -|       -|    -|
|Multiplexer      |        -|      -|       -|     111|    -|
|Register         |        -|      -|     353|       -|    -|
+-----------------+---------+-------+--------+--------+-----+
|Total            |        0|      0|     393|    1550|    0|
+-----------------+---------+-------+--------+--------+-----+
|Available        |      960|   1824|  433920|  216960|   64|
+-----------------+---------+-------+--------+--------+-----+
|Utilization (%)  |        0|      0|   ~0   |   ~0   |    0|
+-----------------+---------+-------+--------+--------+-----+

+ Detail: 
    * Instance: 
    +--------------------------+----------------------+---------+-------+---+----+
    |         Instance         |        Module        | BRAM_18K| DSP48E| FF| LUT|
    +--------------------------+----------------------+---------+-------+---+----+
    |filter_mux_32_32_dEe_U48  |filter_mux_32_32_dEe  |        0|      0|  0|  13|
    |filter_mux_32_32_dEe_U49  |filter_mux_32_32_dEe  |        0|      0|  0|  13|
    +--------------------------+----------------------+---------+-------+---+----+
    |Total                     |                      |        0|      0|  0|  26|
    +--------------------------+----------------------+---------+-------+---+----+

    * DSP48: 
    N/A

    * Memory: 
    N/A

    * FIFO: 
    N/A

    * Expression: 
    +--------------------------+----------+-------+----+-----+------------+------------+
    |       Variable Name      | Operation| DSP48E| FF | LUT | Bitwidth P0| Bitwidth P1|
    +--------------------------+----------+-------+----+-----+------------+------------+
    |i_1_fu_237_p2             |     +    |      0|   0|    9|           2|           1|
    |i_2_fu_454_p2             |     +    |      0|   0|    9|           2|           1|
    |i_3_fu_510_p2             |     +    |      0|   0|    9|           2|           1|
    |shift_2_fu_537_p2         |     +    |      0|   0|   39|          32|          32|
    |Hi_assign_fu_259_p2       |     -    |      0|   0|   15|           6|           6|
    |Lo_assign_fu_269_p2       |     -    |      0|   0|   15|           4|           5|
    |newexp_fu_610_p2          |     -    |      0|   0|   39|          32|          32|
    |p_Val2_2_fu_217_p2        |     -    |      0|   0|   50|           1|          43|
    |tmp_16_fu_298_p2          |     -    |      0|   0|   15|           6|           6|
    |tmp_17_fu_304_p2          |     -    |      0|   0|   15|           6|           6|
    |tmp_18_fu_310_p2          |     -    |      0|   0|   15|           6|           6|
    |tmp_22_fu_339_p2          |     -    |      0|   0|   15|           6|           6|
    |tmp_2_fu_552_p2           |     -    |      0|   0|   39|           1|          32|
    |tmp_4_fu_600_p2           |     -    |      0|   0|   15|           8|           8|
    |p_Result_4_fu_365_p2      |    and   |      0|   0|   43|          43|          43|
    |c_0_fu_481_p3             |   cttz   |      0|  40|   36|          32|           0|
    |cond_fu_371_p2            |   icmp   |      0|   0|    8|           2|           1|
    |exitcond1_fu_231_p2       |   icmp   |      0|   0|    9|           2|           3|
    |exitcond_fu_448_p2        |   icmp   |      0|   0|    8|           2|           2|
    |tmp_13_fu_279_p2          |   icmp   |      0|   0|   20|          32|          32|
    |tmp_1_fu_591_p2           |   icmp   |      0|   0|   20|          32|           5|
    |tmp_7_fu_624_p2           |   icmp   |      0|   0|   24|          43|           1|
    |tmp_8_fu_504_p2           |   icmp   |      0|   0|    8|           2|           2|
    |tmp_25_fu_353_p2          |   lshr   |      0|   0|  156|          43|          43|
    |tmp_26_fu_359_p2          |   lshr   |      0|   0|  156|           2|          43|
    |tmp_s_fu_576_p2           |   lshr   |      0|   0|  156|          43|          43|
    |or_cond_fu_629_p2         |    or    |      0|   0|    2|           1|           1|
    |in_shift_V_2_fu_223_p3    |  select  |      0|   0|   47|           1|          43|
    |in_shift_V_fu_582_p3      |  select  |      0|   0|   47|           1|          43|
    |out_bits_1_V_1_fu_409_p3  |  select  |      0|   0|   32|           1|          32|
    |out_bits_1_V_2_fu_417_p3  |  select  |      0|   0|   32|           1|          32|
    |out_exp_V_fu_657_p3       |  select  |      0|   0|    8|           1|           1|
    |p_Val2_3_fu_377_p3        |  select  |      0|   0|   32|           1|          32|
    |p_Val2_5_fu_649_p3        |  select  |      0|   0|   23|           1|           1|
    |sh_assign_1_fu_558_p3     |  select  |      0|   0|   32|           1|          32|
    |tmp_19_fu_316_p3          |  select  |      0|   0|    6|           1|           6|
    |tmp_20_fu_324_p3          |  select  |      0|   0|   47|           1|          43|
    |tmp_21_fu_331_p3          |  select  |      0|   0|    6|           1|           6|
    |tmp_9_fu_570_p2           |    shl   |      0|   0|  156|          43|          43|
    +--------------------------+----------+-------+----+-----+------------+------------+
    |Total                     |          |      0|  40| 1413|         447|         718|
    +--------------------------+----------+-------+----+-----+------------+------------+

    * Multiplexer: 
    +-----------------------------------+----+-----------+-----+-----------+
    |                Name               | LUT| Input Size| Bits| Total Bits|
    +-----------------------------------+----+-----------+-----+-----------+
    |ap_NS_fsm                          |  27|          5|    1|          5|
    |ap_phi_mux_p_Val2_s_phi_fu_192_p4  |  15|          3|   43|        129|
    |ap_phi_mux_shift_1_phi_fu_202_p4   |  15|          3|   32|         96|
    |ap_return                          |   9|          2|   32|         64|
    |i1_reg_147                         |   9|          2|    2|          4|
    |i2_reg_178                         |   9|          2|    2|          4|
    |i_reg_136                          |   9|          2|    2|          4|
    |in_shift_reg_158                   |   9|          2|   43|         86|
    |shift_reg_167                      |   9|          2|   32|         64|
    +-----------------------------------+----+-----------+-----+-----------+
    |Total                              | 111|         23|  189|        456|
    +-----------------------------------+----+-----------+-----+-----------+

    * Register: 
    +------------------------+----+----+-----+-----------+
    |          Name          | FF | LUT| Bits| Const Bits|
    +------------------------+----+----+-----+-----------+
    |ap_CS_fsm               |   4|   0|    4|          0|
    |ap_return_preg          |  32|   0|   32|          0|
    |c_2_1_fu_92             |  32|   0|   32|          0|
    |c_2_2_fu_96             |  32|   0|   32|          0|
    |c_2_fu_88               |  32|   0|   32|          0|
    |i1_reg_147              |   2|   0|    2|          0|
    |i2_reg_178              |   2|   0|    2|          0|
    |i_reg_136               |   2|   0|    2|          0|
    |in_shift_V_2_reg_693    |  43|   0|   43|          0|
    |in_shift_reg_158        |  43|   0|   43|          0|
    |out_bits_0_V_s_reg_124  |  32|   0|   32|          0|
    |out_bits_1_V_s_reg_112  |  32|   0|   32|          0|
    |p_Result_6_reg_737      |  32|   0|   32|          0|
    |p_Result_s_reg_688      |   1|   0|    1|          0|
    |shift_reg_167           |  32|   0|   32|          0|
    +------------------------+----+----+-----+-----------+
    |Total                   | 353|   0|  353|          0|
    +------------------------+----+----+-----+-----------+



================================================================
== Interface
================================================================
* Summary: 
+-----------+-----+-----+------------+-------------------+--------------+
| RTL Ports | Dir | Bits|  Protocol  |   Source Object   |    C Type    |
+-----------+-----+-----+------------+-------------------+--------------+
|ap_clk     |  in |    1| ap_ctrl_hs | scaled_fixed2ieee | return value |
|ap_rst     |  in |    1| ap_ctrl_hs | scaled_fixed2ieee | return value |
|ap_start   |  in |    1| ap_ctrl_hs | scaled_fixed2ieee | return value |
|ap_done    | out |    1| ap_ctrl_hs | scaled_fixed2ieee | return value |
|ap_idle    | out |    1| ap_ctrl_hs | scaled_fixed2ieee | return value |
|ap_ready   | out |    1| ap_ctrl_hs | scaled_fixed2ieee | return value |
|ap_return  | out |   32| ap_ctrl_hs | scaled_fixed2ieee | return value |
|in_V       |  in |   43|   ap_none  |        in_V       |    scalar    |
|prescale   |  in |    6|   ap_none  |      prescale     |    scalar    |
+-----------+-----+-----+------------+-------------------+--------------+

