

================================================================
== Vivado HLS Report for 'scaled_fixed2ieee'
================================================================
* Date:           Tue Jul 24 13:54:47 2018

* Version:        2018.1 (Build 2188600 on Wed Apr 04 19:04:02 MDT 2018)
* Project:        kalman_class
* Solution:       solution1
* Product family: kintexuplus
* Target device:  xcku5p-ffvb676-2-e


================================================================
== Performance Estimates
================================================================
+ Timing (ns): 
    * Summary: 
    +--------+-------+----------+------------+
    |  Clock | Target| Estimated| Uncertainty|
    +--------+-------+----------+------------+
    |ap_clk  |  10.00|      5.65|        1.25|
    +--------+-------+----------+------------+

+ Latency (clock cycles): 
    * Summary: 
    +-----+-----+-----+-----+---------+
    |  Latency  |  Interval | Pipeline|
    | min | max | min | max |   Type  |
    +-----+-----+-----+-----+---------+
    |    9|   11|    9|   11|   none  |
    +-----+-----+-----+-----+---------+

    + Detail: 
        * Instance: 
        N/A

        * Loop: 
        +----------+-----+-----+----------+-----------+-----------+-------+----------+
        |          |  Latency  | Iteration|  Initiation Interval  |  Trip |          |
        | Loop Name| min | max |  Latency |  achieved |   target  | Count | Pipelined|
        +----------+-----+-----+----------+-----------+-----------+-------+----------+
        |- Loop 1  |    2|    2|         1|          -|          -|      2|    no    |
        |- Loop 2  |    3|    3|         1|          -|          -|      3|    no    |
        |- Loop 3  |    1|    3|         1|          -|          -| 1 ~ 3 |    no    |
        +----------+-----+-----+----------+-----------+-----------+-------+----------+

============================================================
+ Verbose Summary: Synthesis Manager
============================================================
InlineROM: 1
ExposeGlobal: 0
============================================================
+ Verbose Summary: CDFG Model
============================================================
IsTopModel: 0
ResetActiveHigh: 1
IsCombinational: 0
IsDatapathOnly: 0
HasWiredReturn: 1
HasMFsm: 0
HasVarLatency: 1
IsPipeline: 0
IsRtlPipelined: 0
IsInstanceOverlapped: 0
IsDontTouch: 0
HasImplIP: 0
IsGatedGlobalClock: 0


============================================================
+ Verbose Summary: Schedule
============================================================
* Number of FSM states : 4
* Pipeline : 0
* Dataflow Pipeline: 0

* FSM state transitions: 
1 --> 
	2  / true
2 --> 
	2  / (!exitcond1)
	3  / (exitcond1)
3 --> 
	3  / (!exitcond)
	4  / (exitcond)
4 --> 
	4  / (!tmp_8 & tmp_1)

* FSM state operations: 

 <State 1> : 1.38ns
ST_1 : Operation 5 [1/1] (0.00ns)   --->   "%prescale_read = call i6 @_ssdm_op_Read.ap_auto.i6(i6 %prescale)"
ST_1 : Operation 6 [1/1] (0.00ns)   --->   "%in_V_read = call i43 @_ssdm_op_Read.ap_auto.i43(i43 %in_V)"
ST_1 : Operation 7 [1/1] (0.00ns)   --->   "%p_Result_s = call i1 @_ssdm_op_BitSelect.i1.i43.i32(i43 %in_V_read, i32 42)" [/wrk/2018.1/nightly/2018_04_04_2188600/src/products/hls/src/technology/autopilot/header_files/utils/x_hls_float_utils.h:208]
ST_1 : Operation 8 [1/1] (1.05ns)   --->   "%p_Val2_2 = sub i43 0, %in_V_read" [/wrk/2018.1/nightly/2018_04_04_2188600/src/products/hls/src/technology/autopilot/header_files/utils/x_hls_float_utils.h:215]   --->   Core 14 'AddSub' <Latency = 0> <II = 1> <Delay = 1.01> <FuncUnit> <Opcode : 'add' 'sub'> <InPorts = 2> <OutPorts = 1>
ST_1 : Operation 9 [1/1] (0.32ns)   --->   "%in_shift_V_2 = select i1 %p_Result_s, i43 %p_Val2_2, i43 %in_V_read" [/wrk/2018.1/nightly/2018_04_04_2188600/src/products/hls/src/technology/autopilot/header_files/utils/x_hls_float_utils.h:214]   --->   Core 26 'Sel' <Latency = 0> <II = 1> <Delay = 0.38> <FuncUnit> <Opcode : 'select'> <InPorts = 3> <OutPorts = 1>
ST_1 : Operation 10 [1/1] (0.65ns)   --->   "br label %.preheader" [/wrk/2018.1/nightly/2018_04_04_2188600/src/products/hls/src/technology/autopilot/header_files/utils/x_hls_float_utils.h:225]

 <State 2> : 4.19ns
ST_2 : Operation 11 [1/1] (0.00ns)   --->   "%out_bits_1_V_s = phi i32 [ undef, %.preheader.preheader ], [ %out_bits_1_V_1, %_ifconv ]"
ST_2 : Operation 12 [1/1] (0.00ns)   --->   "%out_bits_0_V_s = phi i32 [ undef, %.preheader.preheader ], [ %out_bits_1_V_2, %_ifconv ]"
ST_2 : Operation 13 [1/1] (0.00ns)   --->   "%i = phi i2 [ 0, %.preheader.preheader ], [ %i_1, %_ifconv ]"
ST_2 : Operation 14 [1/1] (0.44ns)   --->   "%exitcond1 = icmp eq i2 %i, -2" [/wrk/2018.1/nightly/2018_04_04_2188600/src/products/hls/src/technology/autopilot/header_files/utils/x_hls_float_utils.h:225]   --->   Core 25 'Cmp' <Latency = 0> <II = 1> <Delay = 1.12> <FuncUnit> <Opcode : 'icmp'> <InPorts = 2> <OutPorts = 1>
ST_2 : Operation 15 [1/1] (0.00ns)   --->   "%empty = call i32 (...)* @_ssdm_op_SpecLoopTripCount(i64 2, i64 2, i64 2)"
ST_2 : Operation 16 [1/1] (0.54ns)   --->   "%i_1 = add i2 %i, 1" [/wrk/2018.1/nightly/2018_04_04_2188600/src/products/hls/src/technology/autopilot/header_files/utils/x_hls_float_utils.h:225]   --->   Core 14 'AddSub' <Latency = 0> <II = 1> <Delay = 1.01> <FuncUnit> <Opcode : 'add' 'sub'> <InPorts = 2> <OutPorts = 1>
ST_2 : Operation 17 [1/1] (0.00ns)   --->   "br i1 %exitcond1, label %0, label %_ifconv" [/wrk/2018.1/nightly/2018_04_04_2188600/src/products/hls/src/technology/autopilot/header_files/utils/x_hls_float_utils.h:225]
ST_2 : Operation 18 [1/1] (0.00ns)   --->   "%tmp_12 = trunc i2 %i to i1" [/wrk/2018.1/nightly/2018_04_04_2188600/src/products/hls/src/technology/autopilot/header_files/utils/x_hls_float_utils.h:225]
ST_2 : Operation 19 [1/1] (0.00ns)   --->   "%tmp_5 = call i5 @_ssdm_op_BitConcatenate.i5.i1.i4(i1 %tmp_12, i4 0)" [/wrk/2018.1/nightly/2018_04_04_2188600/src/products/hls/src/technology/autopilot/header_files/utils/x_hls_float_utils.h:226]
ST_2 : Operation 20 [1/1] (0.00ns)   --->   "%tmp_5_cast = zext i5 %tmp_5 to i6" [/wrk/2018.1/nightly/2018_04_04_2188600/src/products/hls/src/technology/autopilot/header_files/utils/x_hls_float_utils.h:226]
ST_2 : Operation 21 [1/1] (0.78ns)   --->   "%Hi_assign = sub i6 -22, %tmp_5_cast" [/wrk/2018.1/nightly/2018_04_04_2188600/src/products/hls/src/technology/autopilot/header_files/utils/x_hls_float_utils.h:226]   --->   Core 14 'AddSub' <Latency = 0> <II = 1> <Delay = 1.01> <FuncUnit> <Opcode : 'add' 'sub'> <InPorts = 2> <OutPorts = 1>
ST_2 : Operation 22 [1/1] (0.00ns)   --->   "%Hi_assign_cast = zext i6 %Hi_assign to i32" [/wrk/2018.1/nightly/2018_04_04_2188600/src/products/hls/src/technology/autopilot/header_files/utils/x_hls_float_utils.h:226]
ST_2 : Operation 23 [1/1] (0.78ns)   --->   "%Lo_assign = sub i5 -5, %tmp_5" [/wrk/2018.1/nightly/2018_04_04_2188600/src/products/hls/src/technology/autopilot/header_files/utils/x_hls_float_utils.h:227]   --->   Core 14 'AddSub' <Latency = 0> <II = 1> <Delay = 1.01> <FuncUnit> <Opcode : 'add' 'sub'> <InPorts = 2> <OutPorts = 1>
ST_2 : Operation 24 [1/1] (0.00ns)   --->   "%Lo_assign_cast = zext i5 %Lo_assign to i32" [/wrk/2018.1/nightly/2018_04_04_2188600/src/products/hls/src/technology/autopilot/header_files/utils/x_hls_float_utils.h:227]
ST_2 : Operation 25 [1/1] (0.78ns)   --->   "%tmp_13 = icmp ugt i32 %Lo_assign_cast, %Hi_assign_cast" [/wrk/2018.1/nightly/2018_04_04_2188600/src/products/hls/src/technology/autopilot/header_files/utils/x_hls_float_utils.h:227]   --->   Core 25 'Cmp' <Latency = 0> <II = 1> <Delay = 1.12> <FuncUnit> <Opcode : 'icmp'> <InPorts = 2> <OutPorts = 1>
ST_2 : Operation 26 [1/1] (0.00ns)   --->   "%tmp_14 = zext i5 %Lo_assign to i6" [/wrk/2018.1/nightly/2018_04_04_2188600/src/products/hls/src/technology/autopilot/header_files/utils/x_hls_float_utils.h:227]
ST_2 : Operation 27 [1/1] (0.00ns) (grouped into LUT with out node tmp_25)   --->   "%tmp_15 = call i43 @llvm.part.select.i43(i43 %in_shift_V_2, i32 42, i32 0)" [/wrk/2018.1/nightly/2018_04_04_2188600/src/products/hls/src/technology/autopilot/header_files/utils/x_hls_float_utils.h:227]
ST_2 : Operation 28 [1/1] (0.78ns)   --->   "%tmp_16 = sub i6 %tmp_14, %Hi_assign" [/wrk/2018.1/nightly/2018_04_04_2188600/src/products/hls/src/technology/autopilot/header_files/utils/x_hls_float_utils.h:227]   --->   Core 14 'AddSub' <Latency = 0> <II = 1> <Delay = 1.01> <FuncUnit> <Opcode : 'add' 'sub'> <InPorts = 2> <OutPorts = 1>
ST_2 : Operation 29 [1/1] (0.78ns)   --->   "%tmp_17 = sub i6 -22, %tmp_14" [/wrk/2018.1/nightly/2018_04_04_2188600/src/products/hls/src/technology/autopilot/header_files/utils/x_hls_float_utils.h:227]   --->   Core 14 'AddSub' <Latency = 0> <II = 1> <Delay = 1.01> <FuncUnit> <Opcode : 'add' 'sub'> <InPorts = 2> <OutPorts = 1>
ST_2 : Operation 30 [1/1] (0.78ns)   --->   "%tmp_18 = sub i6 %Hi_assign, %tmp_14" [/wrk/2018.1/nightly/2018_04_04_2188600/src/products/hls/src/technology/autopilot/header_files/utils/x_hls_float_utils.h:227]   --->   Core 14 'AddSub' <Latency = 0> <II = 1> <Delay = 1.01> <FuncUnit> <Opcode : 'add' 'sub'> <InPorts = 2> <OutPorts = 1>
ST_2 : Operation 31 [1/1] (0.00ns) (grouped into LUT with out node tmp_22)   --->   "%tmp_19 = select i1 %tmp_13, i6 %tmp_16, i6 %tmp_18" [/wrk/2018.1/nightly/2018_04_04_2188600/src/products/hls/src/technology/autopilot/header_files/utils/x_hls_float_utils.h:227]   --->   Core 26 'Sel' <Latency = 0> <II = 1> <Delay = 0.38> <FuncUnit> <Opcode : 'select'> <InPorts = 3> <OutPorts = 1>
ST_2 : Operation 32 [1/1] (0.00ns) (grouped into LUT with out node tmp_25)   --->   "%tmp_20 = select i1 %tmp_13, i43 %tmp_15, i43 %in_shift_V_2" [/wrk/2018.1/nightly/2018_04_04_2188600/src/products/hls/src/technology/autopilot/header_files/utils/x_hls_float_utils.h:227]   --->   Core 26 'Sel' <Latency = 0> <II = 1> <Delay = 0.38> <FuncUnit> <Opcode : 'select'> <InPorts = 3> <OutPorts = 1>
ST_2 : Operation 33 [1/1] (0.00ns) (grouped into LUT with out node tmp_25)   --->   "%tmp_21 = select i1 %tmp_13, i6 %tmp_17, i6 %tmp_14" [/wrk/2018.1/nightly/2018_04_04_2188600/src/products/hls/src/technology/autopilot/header_files/utils/x_hls_float_utils.h:227]   --->   Core 26 'Sel' <Latency = 0> <II = 1> <Delay = 0.38> <FuncUnit> <Opcode : 'select'> <InPorts = 3> <OutPorts = 1>
ST_2 : Operation 34 [1/1] (0.78ns) (out node of the LUT)   --->   "%tmp_22 = sub i6 -22, %tmp_19" [/wrk/2018.1/nightly/2018_04_04_2188600/src/products/hls/src/technology/autopilot/header_files/utils/x_hls_float_utils.h:227]   --->   Core 14 'AddSub' <Latency = 0> <II = 1> <Delay = 1.01> <FuncUnit> <Opcode : 'add' 'sub'> <InPorts = 2> <OutPorts = 1>
ST_2 : Operation 35 [1/1] (0.00ns) (grouped into LUT with out node tmp_25)   --->   "%tmp_23 = zext i6 %tmp_21 to i43" [/wrk/2018.1/nightly/2018_04_04_2188600/src/products/hls/src/technology/autopilot/header_files/utils/x_hls_float_utils.h:227]
ST_2 : Operation 36 [1/1] (0.00ns) (grouped into LUT with out node p_Result_4)   --->   "%tmp_24 = zext i6 %tmp_22 to i43" [/wrk/2018.1/nightly/2018_04_04_2188600/src/products/hls/src/technology/autopilot/header_files/utils/x_hls_float_utils.h:227]
ST_2 : Operation 37 [1/1] (1.46ns) (out node of the LUT)   --->   "%tmp_25 = lshr i43 %tmp_20, %tmp_23" [/wrk/2018.1/nightly/2018_04_04_2188600/src/products/hls/src/technology/autopilot/header_files/utils/x_hls_float_utils.h:227]   --->   Core 28 'Shift' <Latency = 0> <II = 1> <Delay = 1.46> <FuncUnit> <Opcode : 'shl' 'lshr' 'ashr'> <InPorts = 2> <OutPorts = 1>
ST_2 : Operation 38 [1/1] (0.00ns) (grouped into LUT with out node p_Result_4)   --->   "%tmp_26 = lshr i43 -1, %tmp_24" [/wrk/2018.1/nightly/2018_04_04_2188600/src/products/hls/src/technology/autopilot/header_files/utils/x_hls_float_utils.h:227]   --->   Core 28 'Shift' <Latency = 0> <II = 1> <Delay = 1.46> <FuncUnit> <Opcode : 'shl' 'lshr' 'ashr'> <InPorts = 2> <OutPorts = 1>
ST_2 : Operation 39 [1/1] (0.73ns) (out node of the LUT)   --->   "%p_Result_4 = and i43 %tmp_25, %tmp_26" [/wrk/2018.1/nightly/2018_04_04_2188600/src/products/hls/src/technology/autopilot/header_files/utils/x_hls_float_utils.h:227]   --->   Core 27 'LogicGate' <Latency = 0> <II = 1> <Delay = 0.28> <FuncUnit> <Opcode : 'and' 'or' 'xor'> <InPorts = 2> <OutPorts = 1>
ST_2 : Operation 40 [1/1] (0.44ns)   --->   "%cond = icmp eq i2 %i, 0" [/wrk/2018.1/nightly/2018_04_04_2188600/src/products/hls/src/technology/autopilot/header_files/utils/x_hls_float_utils.h:227]   --->   Core 25 'Cmp' <Latency = 0> <II = 1> <Delay = 1.12> <FuncUnit> <Opcode : 'icmp'> <InPorts = 2> <OutPorts = 1>
ST_2 : Operation 41 [1/1] (0.41ns)   --->   "%p_Val2_3 = select i1 %cond, i32 %out_bits_0_V_s, i32 %out_bits_1_V_s" [/wrk/2018.1/nightly/2018_04_04_2188600/src/products/hls/src/technology/autopilot/header_files/utils/x_hls_float_utils.h:227]   --->   Core 26 'Sel' <Latency = 0> <II = 1> <Delay = 0.38> <FuncUnit> <Opcode : 'select'> <InPorts = 3> <OutPorts = 1>
ST_2 : Operation 42 [1/1] (0.00ns)   --->   "%tmp_28 = trunc i43 %p_Result_4 to i16" [/wrk/2018.1/nightly/2018_04_04_2188600/src/products/hls/src/technology/autopilot/header_files/utils/x_hls_float_utils.h:227]
ST_2 : Operation 43 [1/1] (0.00ns)   --->   "%tmp_3 = call i17 @_ssdm_op_BitConcatenate.i17.i16.i1(i16 %tmp_28, i1 true)" [/wrk/2018.1/nightly/2018_04_04_2188600/src/products/hls/src/technology/autopilot/header_files/utils/x_hls_float_utils.h:228]
ST_2 : Operation 44 [1/1] (0.00ns)   --->   "%p_Result_5 = call i32 @_ssdm_op_PartSet.i32.i32.i17.i32.i32(i32 %p_Val2_3, i17 %tmp_3, i32 15, i32 31)" [/wrk/2018.1/nightly/2018_04_04_2188600/src/products/hls/src/technology/autopilot/header_files/utils/x_hls_float_utils.h:228]
ST_2 : Operation 45 [1/1] (0.41ns)   --->   "%out_bits_1_V_1 = select i1 %cond, i32 %out_bits_1_V_s, i32 %p_Result_5" [/wrk/2018.1/nightly/2018_04_04_2188600/src/products/hls/src/technology/autopilot/header_files/utils/x_hls_float_utils.h:227]   --->   Core 26 'Sel' <Latency = 0> <II = 1> <Delay = 0.38> <FuncUnit> <Opcode : 'select'> <InPorts = 3> <OutPorts = 1>
ST_2 : Operation 46 [1/1] (0.41ns)   --->   "%out_bits_1_V_2 = select i1 %cond, i32 %p_Result_5, i32 %out_bits_0_V_s" [/wrk/2018.1/nightly/2018_04_04_2188600/src/products/hls/src/technology/autopilot/header_files/utils/x_hls_float_utils.h:227]   --->   Core 26 'Sel' <Latency = 0> <II = 1> <Delay = 0.38> <FuncUnit> <Opcode : 'select'> <InPorts = 3> <OutPorts = 1>
ST_2 : Operation 47 [1/1] (0.00ns)   --->   "br label %.preheader" [/wrk/2018.1/nightly/2018_04_04_2188600/src/products/hls/src/technology/autopilot/header_files/utils/x_hls_float_utils.h:225]
ST_2 : Operation 48 [1/1] (0.00ns)   --->   "%c_2 = alloca i32"
ST_2 : Operation 49 [1/1] (0.00ns)   --->   "%c_2_1 = alloca i32"
ST_2 : Operation 50 [1/1] (0.00ns)   --->   "%c_2_2 = alloca i32"
ST_2 : Operation 51 [1/1] (0.00ns)   --->   "%tmp_11 = trunc i43 %in_shift_V_2 to i11" [/wrk/2018.1/nightly/2018_04_04_2188600/src/products/hls/src/technology/autopilot/header_files/utils/x_hls_float_utils.h:231]
ST_2 : Operation 52 [1/1] (0.00ns)   --->   "%tmp = call i12 @_ssdm_op_BitConcatenate.i12.i11.i1(i11 %tmp_11, i1 true)" [/wrk/2018.1/nightly/2018_04_04_2188600/src/products/hls/src/technology/autopilot/header_files/utils/x_hls_float_utils.h:232]
ST_2 : Operation 53 [1/1] (0.00ns)   --->   "%p_Result_6 = call i32 @_ssdm_op_PartSet.i32.i32.i12.i32.i32(i32 undef, i12 %tmp, i32 20, i32 31)" [/wrk/2018.1/nightly/2018_04_04_2188600/src/products/hls/src/technology/autopilot/header_files/utils/x_hls_float_utils.h:232]
ST_2 : Operation 54 [1/1] (0.65ns)   --->   "br label %branch6" [/wrk/2018.1/nightly/2018_04_04_2188600/src/products/hls/src/technology/autopilot/header_files/utils/x_hls_float_utils.h:236]

 <State 3> : 1.54ns
ST_3 : Operation 55 [1/1] (0.00ns)   --->   "%i1 = phi i2 [ 0, %0 ], [ %i_2, %branch6.backedge ]"
ST_3 : Operation 56 [1/1] (0.44ns)   --->   "%exitcond = icmp eq i2 %i1, -1" [/wrk/2018.1/nightly/2018_04_04_2188600/src/products/hls/src/technology/autopilot/header_files/utils/x_hls_float_utils.h:236]   --->   Core 25 'Cmp' <Latency = 0> <II = 1> <Delay = 1.12> <FuncUnit> <Opcode : 'icmp'> <InPorts = 2> <OutPorts = 1>
ST_3 : Operation 57 [1/1] (0.00ns)   --->   "%empty_28 = call i32 (...)* @_ssdm_op_SpecLoopTripCount(i64 3, i64 3, i64 3)"
ST_3 : Operation 58 [1/1] (0.54ns)   --->   "%i_2 = add i2 %i1, 1" [/wrk/2018.1/nightly/2018_04_04_2188600/src/products/hls/src/technology/autopilot/header_files/utils/x_hls_float_utils.h:236]   --->   Core 14 'AddSub' <Latency = 0> <II = 1> <Delay = 1.01> <FuncUnit> <Opcode : 'add' 'sub'> <InPorts = 2> <OutPorts = 1>
ST_3 : Operation 59 [1/1] (0.00ns)   --->   "br i1 %exitcond, label %.preheader5.preheader, label %1" [/wrk/2018.1/nightly/2018_04_04_2188600/src/products/hls/src/technology/autopilot/header_files/utils/x_hls_float_utils.h:236]
ST_3 : Operation 60 [1/1] (0.40ns)   --->   "%p_Val2_4 = call i32 @_ssdm_op_Mux.ap_auto.3i32.i2(i32 %out_bits_0_V_s, i32 %out_bits_1_V_s, i32 %p_Result_6, i2 %i1)" [/wrk/2018.1/nightly/2018_04_04_2188600/src/products/hls/src/technology/autopilot/header_files/utils/x_hls_float_utils.h:227]   --->   Core 31 'MuxnS' <Latency = 0> <II = 1> <Delay = 0.40> <FuncUnit> <Opcode : 'mux'> <InPorts = 2> <OutPorts = 1>
ST_3 : Operation 61 [1/1] (0.00ns)   --->   "%p_Result_7 = call i32 @_ssdm_op_PartSelect.i32.i32.i32.i32(i32 %p_Val2_4, i32 31, i32 0) nounwind" [/wrk/2018.1/nightly/2018_04_04_2188600/src/products/hls/hls_lib/hlsmath/include/internaltmp/hls_normalize.h:109->/wrk/2018.1/nightly/2018_04_04_2188600/src/products/hls/src/technology/autopilot/header_files/utils/x_hls_float_utils.h:237]
ST_3 : Operation 62 [1/1] (1.12ns)   --->   "%c_0 = call i32 @llvm.cttz.i32(i32 %p_Result_7, i1 true) nounwind" [/wrk/2018.1/nightly/2018_04_04_2188600/src/products/hls/hls_lib/hlsmath/include/internaltmp/hls_normalize.h:109->/wrk/2018.1/nightly/2018_04_04_2188600/src/products/hls/src/technology/autopilot/header_files/utils/x_hls_float_utils.h:237]   --->   Core 60 'CTTZ' <Latency = 0> <II = 1> <Delay = 1.12> <FuncUnit> <Opcode : 'cttz'> <InPorts = 1> <OutPorts = 1>
ST_3 : Operation 63 [1/1] (0.58ns)   --->   "switch i2 %i1, label %branch8 [
    i2 0, label %.branch6.backedge_crit_edge
    i2 1, label %branch7
  ]" [/wrk/2018.1/nightly/2018_04_04_2188600/src/products/hls/src/technology/autopilot/header_files/utils/x_hls_float_utils.h:237]
ST_3 : Operation 64 [1/1] (0.00ns)   --->   "store i32 %c_0, i32* %c_2_2" [/wrk/2018.1/nightly/2018_04_04_2188600/src/products/hls/src/technology/autopilot/header_files/utils/x_hls_float_utils.h:237]
ST_3 : Operation 65 [1/1] (0.00ns)   --->   "br label %branch6.backedge" [/wrk/2018.1/nightly/2018_04_04_2188600/src/products/hls/src/technology/autopilot/header_files/utils/x_hls_float_utils.h:237]
ST_3 : Operation 66 [1/1] (0.00ns)   --->   "store i32 %c_0, i32* %c_2_1" [/wrk/2018.1/nightly/2018_04_04_2188600/src/products/hls/src/technology/autopilot/header_files/utils/x_hls_float_utils.h:237]
ST_3 : Operation 67 [1/1] (0.00ns)   --->   "br label %branch6.backedge" [/wrk/2018.1/nightly/2018_04_04_2188600/src/products/hls/src/technology/autopilot/header_files/utils/x_hls_float_utils.h:237]
ST_3 : Operation 68 [1/1] (0.00ns)   --->   "store i32 %c_0, i32* %c_2" [/wrk/2018.1/nightly/2018_04_04_2188600/src/products/hls/src/technology/autopilot/header_files/utils/x_hls_float_utils.h:237]
ST_3 : Operation 69 [1/1] (0.00ns)   --->   "br label %branch6.backedge" [/wrk/2018.1/nightly/2018_04_04_2188600/src/products/hls/src/technology/autopilot/header_files/utils/x_hls_float_utils.h:237]
ST_3 : Operation 70 [1/1] (0.00ns)   --->   "br label %branch6"
ST_3 : Operation 71 [1/1] (0.65ns)   --->   "br label %.preheader5" [/wrk/2018.1/nightly/2018_04_04_2188600/src/products/hls/src/technology/autopilot/header_files/utils/x_hls_float_utils.h:243]

 <State 4> : 5.65ns
ST_4 : Operation 72 [1/1] (0.00ns)   --->   "%in_shift = phi i43 [ %in_shift_V, %"operator<<.exit" ], [ %in_shift_V_2, %.preheader5.preheader ]"
ST_4 : Operation 73 [1/1] (0.00ns)   --->   "%shift = phi i32 [ %shift_2, %"operator<<.exit" ], [ 0, %.preheader5.preheader ]"
ST_4 : Operation 74 [1/1] (0.00ns)   --->   "%i2 = phi i2 [ %i_3, %"operator<<.exit" ], [ 0, %.preheader5.preheader ]"
ST_4 : Operation 75 [1/1] (0.44ns)   --->   "%tmp_8 = icmp eq i2 %i2, -1" [/wrk/2018.1/nightly/2018_04_04_2188600/src/products/hls/src/technology/autopilot/header_files/utils/x_hls_float_utils.h:243]   --->   Core 25 'Cmp' <Latency = 0> <II = 1> <Delay = 1.12> <FuncUnit> <Opcode : 'icmp'> <InPorts = 2> <OutPorts = 1>
ST_4 : Operation 76 [1/1] (0.00ns)   --->   "%empty_29 = call i32 (...)* @_ssdm_op_SpecLoopTripCount(i64 1, i64 3, i64 2)"
ST_4 : Operation 77 [1/1] (0.54ns)   --->   "%i_3 = add i2 %i2, 1" [/wrk/2018.1/nightly/2018_04_04_2188600/src/products/hls/src/technology/autopilot/header_files/utils/x_hls_float_utils.h:243]   --->   Core 14 'AddSub' <Latency = 0> <II = 1> <Delay = 1.01> <FuncUnit> <Opcode : 'add' 'sub'> <InPorts = 2> <OutPorts = 1>
ST_4 : Operation 78 [1/1] (0.65ns)   --->   "br i1 %tmp_8, label %.loopexit_ifconv, label %"operator<<.exit"" [/wrk/2018.1/nightly/2018_04_04_2188600/src/products/hls/src/technology/autopilot/header_files/utils/x_hls_float_utils.h:243]
ST_4 : Operation 79 [1/1] (0.00ns)   --->   "%c_2_load = load i32* %c_2"
ST_4 : Operation 80 [1/1] (0.00ns)   --->   "%c_2_1_load = load i32* %c_2_1"
ST_4 : Operation 81 [1/1] (0.00ns)   --->   "%c_2_2_load = load i32* %c_2_2"
ST_4 : Operation 82 [1/1] (0.40ns)   --->   "%sh_assign = call i32 @_ssdm_op_Mux.ap_auto.3i32.i2(i32 %c_2_1_load, i32 %c_2_2_load, i32 %c_2_load, i2 %i2)" [/wrk/2018.1/nightly/2018_04_04_2188600/src/products/hls/src/technology/autopilot/header_files/utils/x_hls_float_utils.h:243]   --->   Core 31 'MuxnS' <Latency = 0> <II = 1> <Delay = 0.40> <FuncUnit> <Opcode : 'mux'> <InPorts = 2> <OutPorts = 1>
ST_4 : Operation 83 [1/1] (1.01ns)   --->   "%shift_2 = add nsw i32 %sh_assign, %shift" [/wrk/2018.1/nightly/2018_04_04_2188600/src/products/hls/src/technology/autopilot/header_files/utils/x_hls_float_utils.h:244]   --->   Core 14 'AddSub' <Latency = 0> <II = 1> <Delay = 1.01> <FuncUnit> <Opcode : 'add' 'sub'> <InPorts = 2> <OutPorts = 1>
ST_4 : Operation 84 [1/1] (0.00ns)   --->   "%isNeg = call i1 @_ssdm_op_BitSelect.i1.i32.i32(i32 %sh_assign, i32 31)" [/wrk/2018.1/nightly/2018_04_04_2188600/src/products/hls/src/technology/autopilot/header_files/utils/x_hls_float_utils.h:245]
ST_4 : Operation 85 [1/1] (1.01ns)   --->   "%tmp_2 = sub nsw i32 0, %sh_assign" [/wrk/2018.1/nightly/2018_04_04_2188600/src/products/hls/src/technology/autopilot/header_files/utils/x_hls_float_utils.h:245]   --->   Core 14 'AddSub' <Latency = 0> <II = 1> <Delay = 1.01> <FuncUnit> <Opcode : 'add' 'sub'> <InPorts = 2> <OutPorts = 1>
ST_4 : Operation 86 [1/1] (0.41ns)   --->   "%sh_assign_1 = select i1 %isNeg, i32 %tmp_2, i32 %sh_assign" [/wrk/2018.1/nightly/2018_04_04_2188600/src/products/hls/src/technology/autopilot/header_files/utils/x_hls_float_utils.h:245]   --->   Core 26 'Sel' <Latency = 0> <II = 1> <Delay = 0.38> <FuncUnit> <Opcode : 'select'> <InPorts = 3> <OutPorts = 1>
ST_4 : Operation 87 [1/1] (0.00ns)   --->   "%tmp_6 = zext i32 %sh_assign_1 to i43" [/wrk/2018.1/nightly/2018_04_04_2188600/src/products/hls/src/technology/autopilot/header_files/utils/x_hls_float_utils.h:245]
ST_4 : Operation 88 [1/1] (0.00ns) (grouped into LUT with out node in_shift_V)   --->   "%tmp_9 = shl i43 %in_shift, %tmp_6" [/wrk/2018.1/nightly/2018_04_04_2188600/src/products/hls/src/technology/autopilot/header_files/utils/x_hls_float_utils.h:245]   --->   Core 28 'Shift' <Latency = 0> <II = 1> <Delay = 1.46> <FuncUnit> <Opcode : 'shl' 'lshr' 'ashr'> <InPorts = 2> <OutPorts = 1>
ST_4 : Operation 89 [1/1] (0.00ns) (grouped into LUT with out node in_shift_V)   --->   "%tmp_s = lshr i43 %in_shift, %tmp_6" [/wrk/2018.1/nightly/2018_04_04_2188600/src/products/hls/src/technology/autopilot/header_files/utils/x_hls_float_utils.h:245]   --->   Core 28 'Shift' <Latency = 0> <II = 1> <Delay = 1.46> <FuncUnit> <Opcode : 'shl' 'lshr' 'ashr'> <InPorts = 2> <OutPorts = 1>
ST_4 : Operation 90 [1/1] (1.46ns) (out node of the LUT)   --->   "%in_shift_V = select i1 %isNeg, i43 %tmp_s, i43 %tmp_9" [/wrk/2018.1/nightly/2018_04_04_2188600/src/products/hls/src/technology/autopilot/header_files/utils/x_hls_float_utils.h:245]   --->   Core 26 'Sel' <Latency = 0> <II = 1> <Delay = 0.38> <FuncUnit> <Opcode : 'select'> <InPorts = 3> <OutPorts = 1>
ST_4 : Operation 91 [1/1] (0.99ns)   --->   "%tmp_1 = icmp eq i32 %sh_assign, 16" [/wrk/2018.1/nightly/2018_04_04_2188600/src/products/hls/src/technology/autopilot/header_files/utils/x_hls_float_utils.h:250]   --->   Core 25 'Cmp' <Latency = 0> <II = 1> <Delay = 1.12> <FuncUnit> <Opcode : 'icmp'> <InPorts = 2> <OutPorts = 1>
ST_4 : Operation 92 [1/1] (0.65ns)   --->   "br i1 %tmp_1, label %.preheader5, label %.loopexit_ifconv" [/wrk/2018.1/nightly/2018_04_04_2188600/src/products/hls/src/technology/autopilot/header_files/utils/x_hls_float_utils.h:250]
ST_4 : Operation 93 [1/1] (0.00ns) (grouped into LUT with out node p_Val2_5)   --->   "%p_Val2_s = phi i43 [ %in_shift, %.preheader5 ], [ %in_shift_V, %"operator<<.exit" ]"
ST_4 : Operation 94 [1/1] (0.00ns) (grouped into LUT with out node newexp)   --->   "%shift_1 = phi i32 [ %shift, %.preheader5 ], [ %shift_2, %"operator<<.exit" ]"
ST_4 : Operation 95 [1/1] (0.00ns)   --->   "%prescale_cast = zext i6 %prescale_read to i8" [/wrk/2018.1/nightly/2018_04_04_2188600/src/products/hls/src/technology/autopilot/header_files/utils/x_hls_float_utils.h:258]
ST_4 : Operation 96 [1/1] (0.76ns)   --->   "%tmp_4 = sub i8 -127, %prescale_cast" [/wrk/2018.1/nightly/2018_04_04_2188600/src/products/hls/src/technology/autopilot/header_files/utils/x_hls_float_utils.h:258]   --->   Core 14 'AddSub' <Latency = 0> <II = 1> <Delay = 1.01> <FuncUnit> <Opcode : 'add' 'sub'> <InPorts = 2> <OutPorts = 1>
ST_4 : Operation 97 [1/1] (0.00ns) (grouped into LUT with out node newexp)   --->   "%tmp_4_cast = zext i8 %tmp_4 to i32" [/wrk/2018.1/nightly/2018_04_04_2188600/src/products/hls/src/technology/autopilot/header_files/utils/x_hls_float_utils.h:258]
ST_4 : Operation 98 [1/1] (1.01ns) (out node of the LUT)   --->   "%newexp = sub i32 %tmp_4_cast, %shift_1" [/wrk/2018.1/nightly/2018_04_04_2188600/src/products/hls/src/technology/autopilot/header_files/utils/x_hls_float_utils.h:258]   --->   Core 14 'AddSub' <Latency = 0> <II = 1> <Delay = 1.01> <FuncUnit> <Opcode : 'add' 'sub'> <InPorts = 2> <OutPorts = 1>
ST_4 : Operation 99 [1/1] (0.00ns)   --->   "%tmp_30 = call i1 @_ssdm_op_BitSelect.i1.i32.i32(i32 %newexp, i32 31)" [/wrk/2018.1/nightly/2018_04_04_2188600/src/products/hls/src/technology/autopilot/header_files/utils/x_hls_float_utils.h:264]
ST_4 : Operation 100 [1/1] (1.12ns)   --->   "%tmp_7 = icmp eq i43 %in_V_read, 0" [/wrk/2018.1/nightly/2018_04_04_2188600/src/products/hls/src/technology/autopilot/header_files/utils/x_hls_float_utils.h:264]   --->   Core 25 'Cmp' <Latency = 0> <II = 1> <Delay = 1.12> <FuncUnit> <Opcode : 'icmp'> <InPorts = 2> <OutPorts = 1>
ST_4 : Operation 101 [1/1] (0.28ns)   --->   "%or_cond = or i1 %tmp_30, %tmp_7" [/wrk/2018.1/nightly/2018_04_04_2188600/src/products/hls/src/technology/autopilot/header_files/utils/x_hls_float_utils.h:264]   --->   Core 27 'LogicGate' <Latency = 0> <II = 1> <Delay = 0.28> <FuncUnit> <Opcode : 'and' 'or' 'xor'> <InPorts = 2> <OutPorts = 1>
ST_4 : Operation 102 [1/1] (0.00ns)   --->   "%tmp_31 = trunc i32 %newexp to i8" [/wrk/2018.1/nightly/2018_04_04_2188600/src/products/hls/src/technology/autopilot/header_files/utils/x_hls_float_utils.h:258]
ST_4 : Operation 103 [1/1] (0.00ns) (grouped into LUT with out node p_Val2_5)   --->   "%phitmp1 = call i23 @_ssdm_op_PartSelect.i23.i43.i32.i32(i43 %p_Val2_s, i32 19, i32 41)" [/wrk/2018.1/nightly/2018_04_04_2188600/src/products/hls/src/technology/autopilot/header_files/utils/x_hls_float_utils.h:245]
ST_4 : Operation 104 [1/1] (0.34ns) (out node of the LUT)   --->   "%p_Val2_5 = select i1 %or_cond, i23 0, i23 %phitmp1" [/wrk/2018.1/nightly/2018_04_04_2188600/src/products/hls/src/technology/autopilot/header_files/utils/x_hls_utils.h:322->/wrk/2018.1/nightly/2018_04_04_2188600/src/products/hls/src/technology/autopilot/header_files/utils/x_hls_float_utils.h:274]   --->   Core 26 'Sel' <Latency = 0> <II = 1> <Delay = 0.38> <FuncUnit> <Opcode : 'select'> <InPorts = 3> <OutPorts = 1>
ST_4 : Operation 105 [1/1] (0.38ns)   --->   "%out_exp_V = select i1 %or_cond, i8 0, i8 %tmp_31" [/wrk/2018.1/nightly/2018_04_04_2188600/src/products/hls/src/technology/autopilot/header_files/utils/x_hls_float_utils.h:275]   --->   Core 26 'Sel' <Latency = 0> <II = 1> <Delay = 0.38> <FuncUnit> <Opcode : 'select'> <InPorts = 3> <OutPorts = 1>
ST_4 : Operation 106 [1/1] (0.00ns)   --->   "%p_Result_8 = call i32 @_ssdm_op_BitConcatenate.i32.i1.i8.i23(i1 %p_Result_s, i8 %out_exp_V, i23 %p_Val2_5)" [/wrk/2018.1/nightly/2018_04_04_2188600/src/products/hls/src/technology/autopilot/header_files/utils/x_hls_utils.h:298->/wrk/2018.1/nightly/2018_04_04_2188600/src/products/hls/src/technology/autopilot/header_files/utils/x_hls_utils.h:311->/wrk/2018.1/nightly/2018_04_04_2188600/src/products/hls/src/technology/autopilot/header_files/utils/x_hls_utils.h:332->/wrk/2018.1/nightly/2018_04_04_2188600/src/products/hls/src/technology/autopilot/header_files/utils/x_hls_float_utils.h:276]
ST_4 : Operation 107 [1/1] (0.00ns)   --->   "%result_write_assign = bitcast i32 %p_Result_8 to float" [/wrk/2018.1/nightly/2018_04_04_2188600/src/products/hls/src/technology/autopilot/header_files/utils/x_hls_utils.h:311->/wrk/2018.1/nightly/2018_04_04_2188600/src/products/hls/src/technology/autopilot/header_files/utils/x_hls_utils.h:332->/wrk/2018.1/nightly/2018_04_04_2188600/src/products/hls/src/technology/autopilot/header_files/utils/x_hls_float_utils.h:276]
ST_4 : Operation 108 [1/1] (0.00ns)   --->   "ret float %result_write_assign" [/wrk/2018.1/nightly/2018_04_04_2188600/src/products/hls/src/technology/autopilot/header_files/utils/x_hls_float_utils.h:277]


============================================================
+ Verbose Summary: Timing violations
============================================================
Target clock period: 10ns, clock uncertainty: 1.25ns.

 <State 1>: 1.38ns
The critical path consists of the following:
	wire read on port 'in_V' [4]  (0 ns)
	'sub' operation ('p_Val2_2', /wrk/2018.1/nightly/2018_04_04_2188600/src/products/hls/src/technology/autopilot/header_files/utils/x_hls_float_utils.h:215) [6]  (1.06 ns)
	'select' operation ('in_shift.V', /wrk/2018.1/nightly/2018_04_04_2188600/src/products/hls/src/technology/autopilot/header_files/utils/x_hls_float_utils.h:214) [7]  (0.323 ns)

 <State 2>: 4.19ns
The critical path consists of the following:
	'phi' operation ('i') with incoming values : ('i', /wrk/2018.1/nightly/2018_04_04_2188600/src/products/hls/src/technology/autopilot/header_files/utils/x_hls_float_utils.h:225) [12]  (0 ns)
	'sub' operation ('Lo', /wrk/2018.1/nightly/2018_04_04_2188600/src/products/hls/src/technology/autopilot/header_files/utils/x_hls_float_utils.h:227) [23]  (0.789 ns)
	'icmp' operation ('tmp_13', /wrk/2018.1/nightly/2018_04_04_2188600/src/products/hls/src/technology/autopilot/header_files/utils/x_hls_float_utils.h:227) [25]  (0.785 ns)
	'select' operation ('tmp_20', /wrk/2018.1/nightly/2018_04_04_2188600/src/products/hls/src/technology/autopilot/header_files/utils/x_hls_float_utils.h:227) [32]  (0 ns)
	'lshr' operation ('tmp_25', /wrk/2018.1/nightly/2018_04_04_2188600/src/products/hls/src/technology/autopilot/header_files/utils/x_hls_float_utils.h:227) [37]  (1.47 ns)
	'and' operation ('__Result__', /wrk/2018.1/nightly/2018_04_04_2188600/src/products/hls/src/technology/autopilot/header_files/utils/x_hls_float_utils.h:227) [39]  (0.736 ns)
	'select' operation ('out_bits[1].V', /wrk/2018.1/nightly/2018_04_04_2188600/src/products/hls/src/technology/autopilot/header_files/utils/x_hls_float_utils.h:227) [45]  (0.411 ns)

 <State 3>: 1.54ns
The critical path consists of the following:
	'phi' operation ('i') with incoming values : ('i', /wrk/2018.1/nightly/2018_04_04_2188600/src/products/hls/src/technology/autopilot/header_files/utils/x_hls_float_utils.h:236) [57]  (0 ns)
	'mux' operation ('value', /wrk/2018.1/nightly/2018_04_04_2188600/src/products/hls/src/technology/autopilot/header_files/utils/x_hls_float_utils.h:227) [63]  (0.409 ns)
	'cttz' operation ('c[0]', /wrk/2018.1/nightly/2018_04_04_2188600/src/products/hls/hls_lib/hlsmath/include/internaltmp/hls_normalize.h:109->/wrk/2018.1/nightly/2018_04_04_2188600/src/products/hls/src/technology/autopilot/header_files/utils/x_hls_float_utils.h:237) [65]  (1.13 ns)

 <State 4>: 5.65ns
The critical path consists of the following:
	'phi' operation ('i') with incoming values : ('i', /wrk/2018.1/nightly/2018_04_04_2188600/src/products/hls/src/technology/autopilot/header_files/utils/x_hls_float_utils.h:243) [83]  (0 ns)
	'mux' operation ('sh', /wrk/2018.1/nightly/2018_04_04_2188600/src/products/hls/src/technology/autopilot/header_files/utils/x_hls_float_utils.h:243) [92]  (0.409 ns)
	'sub' operation ('tmp_2', /wrk/2018.1/nightly/2018_04_04_2188600/src/products/hls/src/technology/autopilot/header_files/utils/x_hls_float_utils.h:245) [95]  (1.02 ns)
	'select' operation ('sh', /wrk/2018.1/nightly/2018_04_04_2188600/src/products/hls/src/technology/autopilot/header_files/utils/x_hls_float_utils.h:245) [96]  (0.411 ns)
	'shl' operation ('tmp_9', /wrk/2018.1/nightly/2018_04_04_2188600/src/products/hls/src/technology/autopilot/header_files/utils/x_hls_float_utils.h:245) [98]  (0 ns)
	'select' operation ('in_shift.V', /wrk/2018.1/nightly/2018_04_04_2188600/src/products/hls/src/technology/autopilot/header_files/utils/x_hls_float_utils.h:245) [100]  (1.47 ns)
	multiplexor before 'phi' operation ('shift') with incoming values : ('shift', /wrk/2018.1/nightly/2018_04_04_2188600/src/products/hls/src/technology/autopilot/header_files/utils/x_hls_float_utils.h:244) [105]  (0.656 ns)
	'phi' operation ('shift') with incoming values : ('shift', /wrk/2018.1/nightly/2018_04_04_2188600/src/products/hls/src/technology/autopilot/header_files/utils/x_hls_float_utils.h:244) [105]  (0 ns)
	'sub' operation ('newexp', /wrk/2018.1/nightly/2018_04_04_2188600/src/products/hls/src/technology/autopilot/header_files/utils/x_hls_float_utils.h:258) [109]  (1.02 ns)
	'or' operation ('or_cond', /wrk/2018.1/nightly/2018_04_04_2188600/src/products/hls/src/technology/autopilot/header_files/utils/x_hls_float_utils.h:264) [112]  (0.282 ns)
	'select' operation ('out.exp.V', /wrk/2018.1/nightly/2018_04_04_2188600/src/products/hls/src/technology/autopilot/header_files/utils/x_hls_float_utils.h:275) [116]  (0.387 ns)


============================================================
+ Verbose Summary: Binding
============================================================
N/A
* FSMD analyzer results:
  - Output states:
 - Input state : 
  - Chain level:
	State 1
	State 2
	State 3
	State 4


============================================================
+ Verbose Summary: Datapath Resource usage 
============================================================
N/A
